<?xml version="1.0" encoding="UTF-8"?>
<!-- Generated by org.testng.reporters.JUnitReportReporter -->
<testsuite hostname="LTB0228121-MAC.local" failures="0" tests="3" name="mavenTest.TestMaven" time="3.490" errors="0" timestamp="2022-11-23T13:43:03 IST" skipped="0">
  <testcase classname="mavenTest.TestMaven" name="stateDetails" time="0.091"/>
  <system-out/>
  <testcase classname="mavenTest.TestMaven" name="availableSeatsDetails" time="0.941"/>
  <system-out/>
  <testcase classname="mavenTest.TestMaven" name="openGoogle" time="2.458"/>
  <system-out/>
</testsuite> <!-- mavenTest.TestMaven -->
